<?xml version="1.0" encoding="UTF-8" ?>
<testsuite tests="2" failures="0" name="runner.RunCucumberTest" time="0.109" errors="2" skipped="0">
  <properties>
[...]
</properties>
  <testcase classname="I want to use this template for my Directory Page" name="Login to HRM Application" time="0.104">
    <error type="java.lang.NullPointerException">java.lang.NullPointerException
	at stepsdefinitions.HRMLogin.user_enters_username_and_password(HRMLogin.java:15)
	at ✽.user enters Admin and admin123(file:///C:/Users/Consultor/IdeaProjects/CucumberJava_v2/src/test/resources/features/Directory.feature:5)
</error>
    <system-out>
Scenario Outline: Login to HRM Application &amp;#27;[90m# src/test/resources/features/Directory.feature:9&amp;#27;[0m
  &amp;#27;[31mGiven &amp;#27;[0m&amp;#27;[31muser enters &amp;#27;[0m&amp;#27;[31m&amp;#27;[1mAdmin&amp;#27;[0m&amp;#27;[31m and &amp;#27;[0m&amp;#27;[31m&amp;#27;[1madmin123&amp;#27;[0m     &amp;#27;[90m# stepsdefinitions.HRMLogin.user_enters_username_and_password(java.lang.String,java.lang.String)&amp;#27;[0m
      &amp;#27;[31mjava.lang.NullPointerException
	at stepsdefinitions.HRMLogin.user_enters_username_and_password(HRMLogin.java:15)
	at ✽.user enters Admin and admin123(file:///C:/Users/Consultor/IdeaProjects/CucumberJava_v2/src/test/resources/features/Directory.feature:5)
&amp;#27;[0m
</system-out>
  </testcase>
  <testcase classname="I want to use this template for my Directory Page" name="I want to use this template for my Directory Page" time="0.005">
    <error type="java.lang.NullPointerException">java.lang.NullPointerException
	at stepsdefinitions.Directory.user_is_on_directory_page(Directory.java:19)
	at ✽.user is on directory page(file:///C:/Users/Consultor/IdeaProjects/CucumberJava_v2/src/test/resources/features/Directory.feature:14)
</error>
    <system-out>
@DirectoryTabIsSearchButtonDisplayed
Scenario: I want to use this template for my Directory Page &amp;#27;[90m# src/test/resources/features/Directory.feature:13&amp;#27;[0m
  &amp;#27;[31mThen &amp;#27;[0m&amp;#27;[31muser is on directory page&amp;#27;[0m                            &amp;#27;[90m# stepsdefinitions.Directory.user_is_on_directory_page()&amp;#27;[0m
      &amp;#27;[31mjava.lang.NullPointerException
	at stepsdefinitions.Directory.user_is_on_directory_page(Directory.java:19)
	at ✽.user is on directory page(file:///C:/Users/Consultor/IdeaProjects/CucumberJava_v2/src/test/resources/features/Directory.feature:14)
&amp;#27;[0m
  &amp;#27;[36mThen &amp;#27;[0m&amp;#27;[36mis search button displayed&amp;#27;[0m                           &amp;#27;[90m# stepsdefinitions.Directory.is_search_button_displayed()&amp;#27;[0m
</system-out>
  </testcase>
</testsuite>