<testsuite failures="1" name="src/test/java/com/demo/project/FirstTest.feature" skipped="0" tests="1" time="1.183018">
  <testcase classname="src.test.java.com.demo.project.FirstTest" name="Test a sample API Get" time="1.183018">
    <failure message="FirstTest.feature:6 - status code was: 403, expected: 200, response time: 303, url: https://reqres.in/api/users?page=2, response: &lt;!DOCTYPE html&gt;&lt;html lang=&quot;en-US&quot;&gt;&lt;head&gt;&lt;title&gt;Just a moment...&lt;/title&gt;&lt;meta http-equiv=&quot;Content-Type&quot; content=&quot;text/html; charset=UTF-8&quot;&gt;&lt;meta http-equiv=&quot;X-UA-Compatible&quot; content=&quot;IE=Edge&quot;&gt;&lt;meta name=&quot;robots&quot; content=&quot;noindex,nofollow&quot;&gt;&lt;meta name=&quot;viewport&quot; content=&quot;width=device-width,initial-scale=1&quot;&gt;&lt;style&gt;*{box-sizing:border-box;margin:0;padding:0}html{line-height:1.15;-webkit-text-size-adjust:100%;color:#313131;font-family:system-ui,-apple-system,BlinkMacSystemFont,&quot;Segoe UI&quot;,Roboto,&quot;Helvetica Neue&quot;,Arial,&quot;Noto Sans&quot;,sans-serif,&quot;Apple Color Emoji&quot;,&quot;Segoe UI Emoji&quot;,&quot;Segoe UI Symbol&quot;,&quot;Noto Color Emoji&quot;}body{display:flex;flex-direction:column;height:100vh;min-height:100vh}.main-content{margin:8rem auto;padding-left:1.5rem;max-width:60rem}@media (width &lt;= 720px){.main-content{margin-top:4rem}}.h2{line-height:2.25rem;font-size:1.5rem;font-weight:500}@media (width &lt;= 720px){.h2{line-height:1.5rem;font-size:1.25rem}}#challenge-error-text{background-image:url(&quot;data:image/svg+xml;base64,PHN2ZyB4bWxucz0iaHR0cDovL3d3dy53My5vcmcvMjAwMC9zdmciIHdpZHRoPSIzMiIgaGVpZ2h0PSIzMiIgZmlsbD0ibm9uZSI+PHBhdGggZmlsbD0iI0IyMEYwMyIgZD0iTTE2IDNhMTMgMTMgMCAxIDAgMTMgMTNBMTMuMDE1IDEzLjAxNSAwIDAgMCAxNiAzbTAgMjRhMTEgMTEgMCAxIDEgMTEtMTEgMTEuMDEgMTEuMDEgMCAwIDEtMTEgMTEiLz48cGF0aCBmaWxsPSIjQjIwRjAzIiBkPSJNMTcuMDM4IDE4LjYxNUgxNC44N0wxNC41NjMgOS41aDIuNzgzem0tMS4wODQgMS40MjdxLjY2IDAgMS4wNTcuMzg4LjQwNy4zODkuNDA3Ljk5NCAwIC41OTYtLjQwNy45ODQtLjM5Ny4zOS0xLjA1Ny4zODktLjY1IDAtMS4wNTYtLjM4OS0uMzk4LS4zODktLjM5OC0uOTg0IDAtLjU5Ny4zOTgtLjk4NS40MDYtLjM5NyAxLjA1Ni0uMzk3Ii8+PC9zdmc+&quot;);background-repeat:no-repeat;background-size:contain;padding-left:34px}@media (prefers-color-scheme: dark){body{background-color:#222;color:#d9d9d9}}&lt;/style&gt;&lt;meta http-equiv=&quot;refresh&quot; content=&quot;360&quot;&gt;&lt;/head&gt;&lt;body&gt;&lt;div class=&quot;main-wrapper&quot; role=&quot;main&quot;&gt;&lt;div class=&quot;main-content&quot;&gt;&lt;noscript&gt;&lt;div class=&quot;h2&quot;&gt;&lt;span id=&quot;challenge-error-text&quot;&gt;Enable JavaScript and cookies to continue&lt;/span&gt;&lt;/div&gt;&lt;/noscript&gt;&lt;/div&gt;&lt;/div&gt;&lt;script&gt;(function(){window._cf_chl_opt = {cvId: '3',cZone: 'reqres.in',cType: 'managed',cRay: '9cc039d4c895f3fe',cH: 'Hnn1k6uqVjAAKCGqdvKkKtljHczzyoInKBes_Wm6gB4-1770774946-1.2.1.1-dviI9.eTfuDhw.pVO2WlBb8XpTlxfOk2EwUNTNt6cQiVym3.Ha9nj0RoR0uwHFuu',cUPMDTk:&quot;\/api\/users?page=2&amp;__cf_chl_tk=60jlOsy5YfLfp_Pw2E98yRvJzGMmpFOCGBZfKNzmGQU-1770774946-1.0.1.1-zJZbMEMu9bL_QTBn1GP4Pa8erPDdlX8DoD70mxGX5tQ&quot;,cFPWv: 'b',cITimeS: '1770774946',cTplC:0,cTplV:5,cTplB: '0',fa:&quot;\/api\/users?page=2&amp;__cf_chl_f_tk=60jlOsy5YfLfp_Pw2E98yRvJzGMmpFOCGBZfKNzmGQU-1770774946-1.0.1.1-zJZbMEMu9bL_QTBn1GP4Pa8erPDdlX8DoD70mxGX5tQ&quot;,md: 'DjhYk.Pkc1VPBowBLKRnzhZbOqyW_gkISScAA12Y544-1770774946-1.2.1.1-ij0x9hnC2KJcmAoDD2L7eHjYAg_YldHe9e8zawC.m8FIzLUmGfo51Y8LtEvaKd3_If8eIUW_Rrf8BFFVvbOWC7dMVP8.0fotpBXtC9ttCzjwIbDfSaZkTQq1N2I4WTazBKydU0pu8iD7OaluiDufk09keK8TdTaIpIRm6UOcTWCWL4Jb1LRihbBol2ihTIFVDTLmVrgYkk8fNVq9rEIPx4HJdu5sx9uS3E6qoJokoHKF_Ykxj4_aLNtjeTvjTGcFajS69qHk_DJNwHxiOmpmp3W1KMGRE4HtTVI8Dvcfsvp9jWZsZVib99ppsqjb7eJCAJukyi_vqZOuSMyP67slnlOqYZUp0DaAUrIP9iGVczakkmd9OaW4cHqOHwAZf1bRrdZjJfB80w.O7vNfIhIRDHuv_MH8bxGe6sxxWeCRyOhwygNYcSty8svg4vjRe1fY59DZVDC7lc.wajTyb.RD9Mjr.oX1tDa453lOue2mjAt1BQQJWkPR_E_A_cbK8DuktXvMMM2xrYu7iRp4oKadKWzU4RaQ7eK8EdgqF22Ur50aa1vDf8Fsvw6awzUD5.eDYWQjzH3UaRGRANqqPF.ULfec0z.lecFAx.D4fO3lH93_2Lbtb_A0ya5mglVlJwUMvaqJ42T_AJwxAyiQ7epchpt1pMeMeisgqngCQlPYJZ3RjluY80nf5B7wXcCz47ndq1AkqTbRsP6Y.NZO7gAGLzy3oiIM.WFENZFl72kvNld1nyszxgJL.15zrHg23t9ZaqSa3ixBY.RrmMpRjyXpx5IubsDUyxqRqYrUJPIj0GFyBzQdOhUbF2BFMAKVEpoDqzhHC15rO7.3c2HvCOX.iA7KnRUhZlaFiTCN66Q0ENmm5eFjyETz2sVrPuvm0JyvYTCYmjjhcyppdCDcmhRD_inqkW2wQlxUH08DUJB4mD6PruEpgk2bT0Ih2GBJsZVl',mdrd: 'XPw_ViETqbtQ.egoC_vNVL3gG.PD_S3oUqXgyxxNYVM-1770774946-1.2.1.1-hnMKB7OecSL9YjBR.26Hir4hrU_d_5t_uJ_2OPA3XPkhQld3dANO9O5S8TYDjcRk1nnkBnA0R6A8GIbJSpHXyrpzjriHCCKy_sZkowJcMZ4XfH2.1Nt_XfrPxy_5jinVFQ6UCm7YNJdmGkJO2XewwcgiQMxrVVq3200_Hrkt8MEJkZ_ncoa6gKO635G52vGwNjYal.pgAuROAoyLtg1taxhS7ByApMCRihtJFrnnq8kS7cvqw7E4iPA9UMBqVwyfVs7JNicA21laEztMTLpDFb2iCtctN.hwoB6nKjTjkKx9a5GjRk6UnS3m3AqDUAszwloT6BkyIz1G5k1Jz_V_PSmC7z.QJo.Hy4n8rP6Ngw2pzXqkH23HWX8ZTkA54LFaXw5QDGhMKuDhQ6kHm0jPNjQlgHB5zj0Yl_y1qSJvPt8tdRCkQpWzz4Plnr7eyq_yIrv11xkAtqLdudTMswTjqQ4WUKvJ8rO3PVNPWVWam9HqJe9x5t7lv7UdHZg_UZddPro0IrZ5k54hDV3TQJzMp9D94M8gkyzFvZSm0zFYLEITyXgd_PHljlnxAJdxIzQqp2SLXzgf5VxVuSLtciD218Ob5p7GSAklzplNh9jT8OpXGDAt3lAKaOwl3cnTWbRoNFwUvaAvfP_ydEdx3EaBoolAAbZ8F1MAUpusa1RV8Xv0euJPSr7jzm8dGjD.HE2BGrjzrr0ucKwjgwMceQGgnJkJ1ELIQ8fjSQpLkOgkkJM2c.jnEHU12JgJOt0Ubm8T7JHx9Vl5WvFkksPejjmCmZih_KcQEdlBT_fUIP9Shn3KMIOGZ3amJTlCh5sAK4eK3EgxHD9L07QfxMVHbdHqTJQW2Ljpq4bsr0qythJizHMre_gJE3pBoEGXS39d9I023IXho8SDDNSa1E9c21Zzb9c0XYU0plw.r0groTizXd..cxDA10yG0qRdWwgjb1VuoZrXCA2GheN00A3FCoj9OvL83vcjVK.f4xqXIHqGK7ise6DQWL1MRaZsyJInW9L5PoAHyZDYvzkItdVN66WfJ5NCCUo_jNsvhccc9VYvfaiwhSJHdM9.SS4UxEWhMTG5UoRLSFrB7V52.KUzVz9DNy8gRR3q20xPK7rSnn7llrGJXV2GC9cm5z.eEiHiphrHqdpjIubDm6UJc2INtZgd4xDDRd4Ehr6K73MY2UiWNP4D_4z4WeO3QcWlfryHrUKz3UvRwah0vBdpF92sfRNEdpwSfEXJR0M7hLQbICJzMFSycmIilo7A.dQMxJ31qxAJgEem.uft4o038G540.HNKUQSs.5Z6Kljq9uH_utWqHjIoC_rpzp8ZxQusH3BQptRiTdcJApPiX0k2YDlRvHZi7c1vQVBtmje2cTVzagQrVcT6X1RsD7MlRD_mGRDipwtKjOvmpBPv5wE4WIJ1dzUWRyVx4ZVFiVgb0FkcboAMd0VPzCbfOSPFuEqOlRVbtXNHF8IJlLIC80D6spep6cAx5nzHHm4QyRMeRxAgH487boVah4XBDOV5gQlD3YPWfcd2g4bJL.r1dgVljOHpnKrTUpO4.z0LwgOIUDJ23Z6dLp2gqnOu1yHBA8Ve_yYt5h8StQ6h1xLwGxlJfaBgXarbOr8tx0XjyHcHToJhtgotcpOXGlLKFOdLXSKtew5oId_ka7ZboTpMJHF1dgosCqr99gCyQ1Xi1.XHsGxUQb3u2DCbUCDsxxIiCmKxtpXl2BBUbrC6ScJ4fEk8_m7NcTzdcYFb4JHGzxfDUabDHPEAJ3sopbxcCyoqhY9gtJkKRYH_K_k66DY5XXI5MdGykad0eRkIymd2UaVEP5tKMMyb.5JX1yxgZOknW60QL2.KPod24a7COUeU4iVHQJ6JJuWzrMwAmzIcHFGq7N9IJbnsK3Nor1vYiB6YNfERDEWlGtOCwZmh_5k5oAGDx.3UJmqZDVgeu5UgVYQCM0pDb.59nY93gpEc5USstqQcCXWBymt5y_HlmnuQH834TbTC.7lQmeMDns1jtHkKCNjc5D3.vEDVb5NC_.mJZexb8Oi4rSVeeRGjVorY_okxnWwxIbHJIIxRFJI7fNrAYS44CfouQRclheKixR2R6BwQU1O2H.eOmoFvd5a9UurTb4TBkoyOg',};var a = document.createElement('script');a.src = '/cdn-cgi/challenge-platform/h/b/orchestrate/chl_page/v1?ray=9cc039d4c895f3fe';window._cf_chl_opt.cOgUHash = location.hash === '' &amp;&amp; location.href.indexOf('#') !== -1 ? '#' : location.hash;window._cf_chl_opt.cOgUQuery = location.search === '' &amp;&amp; location.href.slice(0, location.href.length - window._cf_chl_opt.cOgUHash.length).indexOf('?') !== -1 ? '?' : location.search;if (window.history &amp;&amp; window.history.replaceState) {var ogU = location.pathname + window._cf_chl_opt.cOgUQuery + window._cf_chl_opt.cOgUHash;history.replaceState(null, null,&quot;\/api\/users?page=2&amp;__cf_chl_rt_tk=60jlOsy5YfLfp_Pw2E98yRvJzGMmpFOCGBZfKNzmGQU-1770774946-1.0.1.1-zJZbMEMu9bL_QTBn1GP4Pa8erPDdlX8DoD70mxGX5tQ&quot;+ window._cf_chl_opt.cOgUHash);a.onload = function() {history.replaceState(null, null, ogU);}}document.getElementsByTagName('head')[0].appendChild(a);}());&lt;/script&gt;&lt;/body&gt;&lt;/html&gt;">Given url 'https://reqres.in/api/users?page=2' ............................ passed
When method GET ........................................................... passed
Then status 200 ........................................................... failed

Stack Trace:
com.intuit.karate.exception.KarateException: FirstTest.feature:6 - status code was: 403, expected: 200, response time: 303, url: https://reqres.in/api/users?page=2, response: &lt;!DOCTYPE html&gt;&lt;html lang="en-US"&gt;&lt;head&gt;&lt;title&gt;Just a moment...&lt;/title&gt;&lt;meta http-equiv="Content-Type" content="text/html; charset=UTF-8"&gt;&lt;meta http-equiv="X-UA-Compatible" content="IE=Edge"&gt;&lt;meta name="robots" content="noindex,nofollow"&gt;&lt;meta name="viewport" content="width=device-width,initial-scale=1"&gt;&lt;style&gt;*{box-sizing:border-box;margin:0;padding:0}html{line-height:1.15;-webkit-text-size-adjust:100%;color:#313131;font-family:system-ui,-apple-system,BlinkMacSystemFont,"Segoe UI",Roboto,"Helvetica Neue",Arial,"Noto Sans",sans-serif,"Apple Color Emoji","Segoe UI Emoji","Segoe UI Symbol","Noto Color Emoji"}body{display:flex;flex-direction:column;height:100vh;min-height:100vh}.main-content{margin:8rem auto;padding-left:1.5rem;max-width:60rem}@media (width &lt;= 720px){.main-content{margin-top:4rem}}.h2{line-height:2.25rem;font-size:1.5rem;font-weight:500}@media (width &lt;= 720px){.h2{line-height:1.5rem;font-size:1.25rem}}#challenge-error-text{background-image:url("data:image/svg+xml;base64,PHN2ZyB4bWxucz0iaHR0cDovL3d3dy53My5vcmcvMjAwMC9zdmciIHdpZHRoPSIzMiIgaGVpZ2h0PSIzMiIgZmlsbD0ibm9uZSI+PHBhdGggZmlsbD0iI0IyMEYwMyIgZD0iTTE2IDNhMTMgMTMgMCAxIDAgMTMgMTNBMTMuMDE1IDEzLjAxNSAwIDAgMCAxNiAzbTAgMjRhMTEgMTEgMCAxIDEgMTEtMTEgMTEuMDEgMTEuMDEgMCAwIDEtMTEgMTEiLz48cGF0aCBmaWxsPSIjQjIwRjAzIiBkPSJNMTcuMDM4IDE4LjYxNUgxNC44N0wxNC41NjMgOS41aDIuNzgzem0tMS4wODQgMS40MjdxLjY2IDAgMS4wNTcuMzg4LjQwNy4zODkuNDA3Ljk5NCAwIC41OTYtLjQwNy45ODQtLjM5Ny4zOS0xLjA1Ny4zODktLjY1IDAtMS4wNTYtLjM4OS0uMzk4LS4zODktLjM5OC0uOTg0IDAtLjU5Ny4zOTgtLjk4NS40MDYtLjM5NyAxLjA1Ni0uMzk3Ii8+PC9zdmc+");background-repeat:no-repeat;background-size:contain;padding-left:34px}@media (prefers-color-scheme: dark){body{background-color:#222;color:#d9d9d9}}&lt;/style&gt;&lt;meta http-equiv="refresh" content="360"&gt;&lt;/head&gt;&lt;body&gt;&lt;div class="main-wrapper" role="main"&gt;&lt;div class="main-content"&gt;&lt;noscript&gt;&lt;div class="h2"&gt;&lt;span id="challenge-error-text"&gt;Enable JavaScript and cookies to continue&lt;/span&gt;&lt;/div&gt;&lt;/noscript&gt;&lt;/div&gt;&lt;/div&gt;&lt;script&gt;(function(){window._cf_chl_opt = {cvId: '3',cZone: 'reqres.in',cType: 'managed',cRay: '9cc039d4c895f3fe',cH: 'Hnn1k6uqVjAAKCGqdvKkKtljHczzyoInKBes_Wm6gB4-1770774946-1.2.1.1-dviI9.eTfuDhw.pVO2WlBb8XpTlxfOk2EwUNTNt6cQiVym3.Ha9nj0RoR0uwHFuu',cUPMDTk:"\/api\/users?page=2&amp;__cf_chl_tk=60jlOsy5YfLfp_Pw2E98yRvJzGMmpFOCGBZfKNzmGQU-1770774946-1.0.1.1-zJZbMEMu9bL_QTBn1GP4Pa8erPDdlX8DoD70mxGX5tQ",cFPWv: 'b',cITimeS: '1770774946',cTplC:0,cTplV:5,cTplB: '0',fa:"\/api\/users?page=2&amp;__cf_chl_f_tk=60jlOsy5YfLfp_Pw2E98yRvJzGMmpFOCGBZfKNzmGQU-1770774946-1.0.1.1-zJZbMEMu9bL_QTBn1GP4Pa8erPDdlX8DoD70mxGX5tQ",md: 'DjhYk.Pkc1VPBowBLKRnzhZbOqyW_gkISScAA12Y544-1770774946-1.2.1.1-ij0x9hnC2KJcmAoDD2L7eHjYAg_YldHe9e8zawC.m8FIzLUmGfo51Y8LtEvaKd3_If8eIUW_Rrf8BFFVvbOWC7dMVP8.0fotpBXtC9ttCzjwIbDfSaZkTQq1N2I4WTazBKydU0pu8iD7OaluiDufk09keK8TdTaIpIRm6UOcTWCWL4Jb1LRihbBol2ihTIFVDTLmVrgYkk8fNVq9rEIPx4HJdu5sx9uS3E6qoJokoHKF_Ykxj4_aLNtjeTvjTGcFajS69qHk_DJNwHxiOmpmp3W1KMGRE4HtTVI8Dvcfsvp9jWZsZVib99ppsqjb7eJCAJukyi_vqZOuSMyP67slnlOqYZUp0DaAUrIP9iGVczakkmd9OaW4cHqOHwAZf1bRrdZjJfB80w.O7vNfIhIRDHuv_MH8bxGe6sxxWeCRyOhwygNYcSty8svg4vjRe1fY59DZVDC7lc.wajTyb.RD9Mjr.oX1tDa453lOue2mjAt1BQQJWkPR_E_A_cbK8DuktXvMMM2xrYu7iRp4oKadKWzU4RaQ7eK8EdgqF22Ur50aa1vDf8Fsvw6awzUD5.eDYWQjzH3UaRGRANqqPF.ULfec0z.lecFAx.D4fO3lH93_2Lbtb_A0ya5mglVlJwUMvaqJ42T_AJwxAyiQ7epchpt1pMeMeisgqngCQlPYJZ3RjluY80nf5B7wXcCz47ndq1AkqTbRsP6Y.NZO7gAGLzy3oiIM.WFENZFl72kvNld1nyszxgJL.15zrHg23t9ZaqSa3ixBY.RrmMpRjyXpx5IubsDUyxqRqYrUJPIj0GFyBzQdOhUbF2BFMAKVEpoDqzhHC15rO7.3c2HvCOX.iA7KnRUhZlaFiTCN66Q0ENmm5eFjyETz2sVrPuvm0JyvYTCYmjjhcyppdCDcmhRD_inqkW2wQlxUH08DUJB4mD6PruEpgk2bT0Ih2GBJsZVl',mdrd: 'XPw_ViETqbtQ.egoC_vNVL3gG.PD_S3oUqXgyxxNYVM-1770774946-1.2.1.1-hnMKB7OecSL9YjBR.26Hir4hrU_d_5t_uJ_2OPA3XPkhQld3dANO9O5S8TYDjcRk1nnkBnA0R6A8GIbJSpHXyrpzjriHCCKy_sZkowJcMZ4XfH2.1Nt_XfrPxy_5jinVFQ6UCm7YNJdmGkJO2XewwcgiQMxrVVq3200_Hrkt8MEJkZ_ncoa6gKO635G52vGwNjYal.pgAuROAoyLtg1taxhS7ByApMCRihtJFrnnq8kS7cvqw7E4iPA9UMBqVwyfVs7JNicA21laEztMTLpDFb2iCtctN.hwoB6nKjTjkKx9a5GjRk6UnS3m3AqDUAszwloT6BkyIz1G5k1Jz_V_PSmC7z.QJo.Hy4n8rP6Ngw2pzXqkH23HWX8ZTkA54LFaXw5QDGhMKuDhQ6kHm0jPNjQlgHB5zj0Yl_y1qSJvPt8tdRCkQpWzz4Plnr7eyq_yIrv11xkAtqLdudTMswTjqQ4WUKvJ8rO3PVNPWVWam9HqJe9x5t7lv7UdHZg_UZddPro0IrZ5k54hDV3TQJzMp9D94M8gkyzFvZSm0zFYLEITyXgd_PHljlnxAJdxIzQqp2SLXzgf5VxVuSLtciD218Ob5p7GSAklzplNh9jT8OpXGDAt3lAKaOwl3cnTWbRoNFwUvaAvfP_ydEdx3EaBoolAAbZ8F1MAUpusa1RV8Xv0euJPSr7jzm8dGjD.HE2BGrjzrr0ucKwjgwMceQGgnJkJ1ELIQ8fjSQpLkOgkkJM2c.jnEHU12JgJOt0Ubm8T7JHx9Vl5WvFkksPejjmCmZih_KcQEdlBT_fUIP9Shn3KMIOGZ3amJTlCh5sAK4eK3EgxHD9L07QfxMVHbdHqTJQW2Ljpq4bsr0qythJizHMre_gJE3pBoEGXS39d9I023IXho8SDDNSa1E9c21Zzb9c0XYU0plw.r0groTizXd..cxDA10yG0qRdWwgjb1VuoZrXCA2GheN00A3FCoj9OvL83vcjVK.f4xqXIHqGK7ise6DQWL1MRaZsyJInW9L5PoAHyZDYvzkItdVN66WfJ5NCCUo_jNsvhccc9VYvfaiwhSJHdM9.SS4UxEWhMTG5UoRLSFrB7V52.KUzVz9DNy8gRR3q20xPK7rSnn7llrGJXV2GC9cm5z.eEiHiphrHqdpjIubDm6UJc2INtZgd4xDDRd4Ehr6K73MY2UiWNP4D_4z4WeO3QcWlfryHrUKz3UvRwah0vBdpF92sfRNEdpwSfEXJR0M7hLQbICJzMFSycmIilo7A.dQMxJ31qxAJgEem.uft4o038G540.HNKUQSs.5Z6Kljq9uH_utWqHjIoC_rpzp8ZxQusH3BQptRiTdcJApPiX0k2YDlRvHZi7c1vQVBtmje2cTVzagQrVcT6X1RsD7MlRD_mGRDipwtKjOvmpBPv5wE4WIJ1dzUWRyVx4ZVFiVgb0FkcboAMd0VPzCbfOSPFuEqOlRVbtXNHF8IJlLIC80D6spep6cAx5nzHHm4QyRMeRxAgH487boVah4XBDOV5gQlD3YPWfcd2g4bJL.r1dgVljOHpnKrTUpO4.z0LwgOIUDJ23Z6dLp2gqnOu1yHBA8Ve_yYt5h8StQ6h1xLwGxlJfaBgXarbOr8tx0XjyHcHToJhtgotcpOXGlLKFOdLXSKtew5oId_ka7ZboTpMJHF1dgosCqr99gCyQ1Xi1.XHsGxUQb3u2DCbUCDsxxIiCmKxtpXl2BBUbrC6ScJ4fEk8_m7NcTzdcYFb4JHGzxfDUabDHPEAJ3sopbxcCyoqhY9gtJkKRYH_K_k66DY5XXI5MdGykad0eRkIymd2UaVEP5tKMMyb.5JX1yxgZOknW60QL2.KPod24a7COUeU4iVHQJ6JJuWzrMwAmzIcHFGq7N9IJbnsK3Nor1vYiB6YNfERDEWlGtOCwZmh_5k5oAGDx.3UJmqZDVgeu5UgVYQCM0pDb.59nY93gpEc5USstqQcCXWBymt5y_HlmnuQH834TbTC.7lQmeMDns1jtHkKCNjc5D3.vEDVb5NC_.mJZexb8Oi4rSVeeRGjVorY_okxnWwxIbHJIIxRFJI7fNrAYS44CfouQRclheKixR2R6BwQU1O2H.eOmoFvd5a9UurTb4TBkoyOg',};var a = document.createElement('script');a.src = '/cdn-cgi/challenge-platform/h/b/orchestrate/chl_page/v1?ray=9cc039d4c895f3fe';window._cf_chl_opt.cOgUHash = location.hash === '' &amp;&amp; location.href.indexOf('#') !== -1 ? '#' : location.hash;window._cf_chl_opt.cOgUQuery = location.search === '' &amp;&amp; location.href.slice(0, location.href.length - window._cf_chl_opt.cOgUHash.length).indexOf('?') !== -1 ? '?' : location.search;if (window.history &amp;&amp; window.history.replaceState) {var ogU = location.pathname + window._cf_chl_opt.cOgUQuery + window._cf_chl_opt.cOgUHash;history.replaceState(null, null,"\/api\/users?page=2&amp;__cf_chl_rt_tk=60jlOsy5YfLfp_Pw2E98yRvJzGMmpFOCGBZfKNzmGQU-1770774946-1.0.1.1-zJZbMEMu9bL_QTBn1GP4Pa8erPDdlX8DoD70mxGX5tQ"+ window._cf_chl_opt.cOgUHash);a.onload = function() {history.replaceState(null, null, ogU);}}document.getElementsByTagName('head')[0].appendChild(a);}());&lt;/script&gt;&lt;/body&gt;&lt;/html&gt;&#13;
	at ✽.Then status 200 (FirstTest.feature:6)</failure>
  </testcase>
</testsuite>
