<testsuite failures="2" name="src/test/java/com/demo/echo/Get2.feature" skipped="0" tests="2" time="2.905702">
  <testcase classname="src.test.java.com.demo.echo.Get2" name="Get Demo 2" time="2.888555">
    <failure message="Get2.feature:12 - status code was: 404, expected: 200, response time: 558, url: https://postman-echo.com/get%3Fname=Carlos&amp;lastName=R%C3%ADos&amp;Ig=carlos_riosm1983, response: ">* url 'https://postman-echo.com' .......................................... passed
* header Accept = 'application/json' ...................................... passed
* def requestBody = read('request2.json') ................................. passed
Given path '/get?name=Carlos&amp;lastName=Ríos&amp;Ig=carlos_riosm1983' ........... passed
When method GET ........................................................... passed
Then status 200 ........................................................... failed

Stack Trace:
com.intuit.karate.exception.KarateException: Get2.feature:12 - status code was: 404, expected: 200, response time: 558, url: https://postman-echo.com/get%3Fname=Carlos&amp;lastName=R%C3%ADos&amp;Ig=carlos_riosm1983, response: &#13;
	at ✽.Then status 200 (Get2.feature:12)&#13;

And print response ........................................................ skipped</failure>
  </testcase>
  <testcase classname="src.test.java.com.demo.echo.Get2" name="Get Demo 2" time="0.017146">
    <failure message="Get2.feature:17 - javascript evaluation failed: '/get, &lt;eval&gt;:1:5 Missing close quote&#13;&#10;'/get&#13;&#10;     ^ in &lt;eval&gt; at line number 1 at column number 5">* url 'https://postman-echo.com' .......................................... passed
* header Accept = 'application/json' ...................................... passed
* def requestBody = read('request2.json') ................................. passed
Given path '/get?name=Carlos&amp;lastName=Ríos&amp;Ig=carlos_riosm1983' ........... passed
When method GET ........................................................... passed
Then status 200 ........................................................... failed

Stack Trace:
com.intuit.karate.exception.KarateException: Get2.feature:12 - status code was: 404, expected: 200, response time: 558, url: https://postman-echo.com/get%3Fname=Carlos&amp;lastName=R%C3%ADos&amp;Ig=carlos_riosm1983, response: &#13;
	at ✽.Then status 200 (Get2.feature:12)&#13;

And print response ........................................................ skipped
* url 'https://postman-echo.com' .......................................... passed
* header Accept = 'application/json' ...................................... passed
* def requestBody = read('request2.json') ................................. passed
Given path '/get .......................................................... failed

Stack Trace:
com.intuit.karate.exception.KarateException: Get2.feature:17 - javascript evaluation failed: '/get, &lt;eval&gt;:1:5 Missing close quote&#13;
'/get&#13;
     ^ in &lt;eval&gt; at line number 1 at column number 5&#13;
	at ✽.Given path '/get (Get2.feature:17)&#13;

And request requestBody ................................................... skipped
When method GET ........................................................... skipped
Then status 200 ........................................................... skipped
And print response ........................................................ skipped</failure>
  </testcase>
</testsuite>
