<testsuite failures="1" name="src/test/java/com/demo/project/Get.feature" skipped="0" tests="1" time="1.540567">
  <testcase classname="src.test.java.com.demo.project.Get" name="Get Demo 3" time="1.540567">
    <failure message="Get.feature:26 - status code was: 403, expected: 200, response time: 469, url: https://reqres.in/api/users?page=2, response: &lt;!DOCTYPE html&gt;&lt;html lang=&quot;en-US&quot;&gt;&lt;head&gt;&lt;title&gt;Just a moment...&lt;/title&gt;&lt;meta http-equiv=&quot;Content-Type&quot; content=&quot;text/html; charset=UTF-8&quot;&gt;&lt;meta http-equiv=&quot;X-UA-Compatible&quot; content=&quot;IE=Edge&quot;&gt;&lt;meta name=&quot;robots&quot; content=&quot;noindex,nofollow&quot;&gt;&lt;meta name=&quot;viewport&quot; content=&quot;width=device-width,initial-scale=1&quot;&gt;&lt;style&gt;*{box-sizing:border-box;margin:0;padding:0}html{line-height:1.15;-webkit-text-size-adjust:100%;color:#313131;font-family:system-ui,-apple-system,BlinkMacSystemFont,&quot;Segoe UI&quot;,Roboto,&quot;Helvetica Neue&quot;,Arial,&quot;Noto Sans&quot;,sans-serif,&quot;Apple Color Emoji&quot;,&quot;Segoe UI Emoji&quot;,&quot;Segoe UI Symbol&quot;,&quot;Noto Color Emoji&quot;}body{display:flex;flex-direction:column;height:100vh;min-height:100vh}.main-content{margin:8rem auto;padding-left:1.5rem;max-width:60rem}@media (width &lt;= 720px){.main-content{margin-top:4rem}}.h2{line-height:2.25rem;font-size:1.5rem;font-weight:500}@media (width &lt;= 720px){.h2{line-height:1.5rem;font-size:1.25rem}}#challenge-error-text{background-image:url(&quot;data:image/svg+xml;base64,PHN2ZyB4bWxucz0iaHR0cDovL3d3dy53My5vcmcvMjAwMC9zdmciIHdpZHRoPSIzMiIgaGVpZ2h0PSIzMiIgZmlsbD0ibm9uZSI+PHBhdGggZmlsbD0iI0IyMEYwMyIgZD0iTTE2IDNhMTMgMTMgMCAxIDAgMTMgMTNBMTMuMDE1IDEzLjAxNSAwIDAgMCAxNiAzbTAgMjRhMTEgMTEgMCAxIDEgMTEtMTEgMTEuMDEgMTEuMDEgMCAwIDEtMTEgMTEiLz48cGF0aCBmaWxsPSIjQjIwRjAzIiBkPSJNMTcuMDM4IDE4LjYxNUgxNC44N0wxNC41NjMgOS41aDIuNzgzem0tMS4wODQgMS40MjdxLjY2IDAgMS4wNTcuMzg4LjQwNy4zODkuNDA3Ljk5NCAwIC41OTYtLjQwNy45ODQtLjM5Ny4zOS0xLjA1Ny4zODktLjY1IDAtMS4wNTYtLjM4OS0uMzk4LS4zODktLjM5OC0uOTg0IDAtLjU5Ny4zOTgtLjk4NS40MDYtLjM5NyAxLjA1Ni0uMzk3Ii8+PC9zdmc+&quot;);background-repeat:no-repeat;background-size:contain;padding-left:34px}@media (prefers-color-scheme: dark){body{background-color:#222;color:#d9d9d9}}&lt;/style&gt;&lt;meta http-equiv=&quot;refresh&quot; content=&quot;360&quot;&gt;&lt;/head&gt;&lt;body&gt;&lt;div class=&quot;main-wrapper&quot; role=&quot;main&quot;&gt;&lt;div class=&quot;main-content&quot;&gt;&lt;noscript&gt;&lt;div class=&quot;h2&quot;&gt;&lt;span id=&quot;challenge-error-text&quot;&gt;Enable JavaScript and cookies to continue&lt;/span&gt;&lt;/div&gt;&lt;/noscript&gt;&lt;/div&gt;&lt;/div&gt;&lt;script&gt;(function(){window._cf_chl_opt = {cvId: '3',cZone: 'reqres.in',cType: 'managed',cRay: '9cc036a3bbb63cb5',cH: '9_NRFea4Du6ZFLSDO2K651C9n4PDGeiy.Lo2eZaULqE-1770774815-1.2.1.1-Rcwi6gEUMyDaZGJ3K2wXn.Pywk0a_XFenRMMVumAko5FH2WXRZHtLLWsaGwLqUnY',cUPMDTk:&quot;\/api\/users?page=2&amp;__cf_chl_tk=slFszLzGt92JVxXEnpoRyT7fRBK7zvHCuOe.u0Q.xoY-1770774815-1.0.1.1-.ktT7MMY8rv5X_cGjtpdToJhyUvMZVldrdxOBSLQODs&quot;,cFPWv: 'b',cITimeS: '1770774815',cTplC:0,cTplV:5,cTplB: '0',fa:&quot;\/api\/users?page=2&amp;__cf_chl_f_tk=slFszLzGt92JVxXEnpoRyT7fRBK7zvHCuOe.u0Q.xoY-1770774815-1.0.1.1-.ktT7MMY8rv5X_cGjtpdToJhyUvMZVldrdxOBSLQODs&quot;,md: 'eA808oUh4zKDgWfXht_HdlrmLCIWetY2CuaTR6ljdNw-1770774815-1.2.1.1-_dXVMsYsAjx5Uc6MQEF6YWvHOKVZO0OGdesGKBz8TuAoDY1cpU8EeoSJiA7ZWq2_U2uig4LrvPW8sxToX1Zc4XPgIs5BNp5m_tv6.u6KGiCF3oH7kCxBG6X3FDvpXAyR9OX0Kr.lnfdEKs2dQRBH1PRSL2VBGAoaE6Cv8Zombx9LqyTRubdFhxySDiVC2EJuFgnj_vG_7MqZiKFz.oMdT00znx5mmO3GffhFl51_75_ehyNOpbNjEEzy7f0AiF.VSYjg3UDIJoZefcnA0G47HVV4VysMP6FOohJnuw_8SCvJ8cWlPoT3ubURMz5YgiRoFrf1DXGSLEEKmRecwLI9IiiMPb2bfO0msSdbckx5PZL5g0s.2mrUzHhevWHPvrTS6sZpH0MgWeOBzY1QhxGawKvxqDx2LIC8ix91K45TGSY8Db6gpRrPSSlnCo_Q.v9jDTWsUtEDjjrbHB77SwHwM79crL9abyuBq9K_W9j2bHmswRcUJDjqmd1H9eiFI99WyykABfbc0nFnHUfNQTQW24pmWAXJd4b1AvjPRY4S08LdLKVSPD9KDg2lWOH2SoUeYkauRF.ix1v4Kxytvnjt2_Ufox.hcH8k6G1OsdcJGPR25kwM2_dOrKLXuknDt8hPg8E5C15SKedsbUibF9TpQzAGdAxqkdzdd.Qx5eofum9jR42qLXxfc44AIXTBdNDqtRsiffRBKYm8bPhmQsNZRwIrVj_6j1XyNdV0FG3wZ.SW.SPh95OtDLPViGycsPH5dMgHndFm5eYssxIP7hdLmSe9OfKe6yevUl2ZsRsDSt3MsyvMHB4yRjGR_SR4.GDd9zqf_l5S0jU1TLt1xCxenFLDMI4av4aUibcw2xQ.NHSg.5SMdGnKEVpIskFwSqannE94mC1GJ8SP1vxyf209qkEzGjC1d2ADTDmP4gN7tO8dfnCXj1fdSkWysX9Ml7L0',mdrd: 'oC_g1Rs0juT_1yQMyEKtum3yLzWk.Exn4IpRTk21X6k-1770774815-1.2.1.1-8gIIQwzMgR.1dYFQec3575sfhVga6p60Gxw9y0ib6NxSTE_czgpOThTYyXwYo52U7ku6MBOuoB4Ea29xy9W4tgJaVwywvreatJrOpNxa4F8sYrI6S8AQAo7AGxzTq_Gro_hpRSSRwphKxr03NPLHt7OJUdVQMcD4twAMUudNq3dFRdBVSuNh2pM3TkfuLtDkHdEeJa.FWoLOfm_Ssl5.GkOAQIO1.zR_Jz7s2x6hyQH98hq.f3rufVnfuV47ibxI6VDyufOJyIyRNL.W_HtSJXajhBYrrIf8QpgN9gkIgeW7bkWi7XVbqOd5.pGoFhh8ybMpQmH.jFHMyeZH2sTxl_WKDSQQ9SJ1IT5DM.lZ_NMq9AdjosO2N0rZsn5petvy2USbRMOhnPhTqd9TgKFb1KMhFw1PER_9vPRwYERIF3G.jf_5HU2dsX0ogh92uAqHyqJ.mYivsh61mq.5hPjXceqCa074HZdCBXaNPgavoCU3D9YSOX4in5wNF9M_4PfmqSXgKgqF07WMbglmsdnoBLaAOZhvGjejiCGhl_sCEoYj1hhOIWGP41FVkL_T2Yf2d.u0XOKdd1BqHex1OyQ2X.6lLOXSlCDl1C5JAtbqhtcA7UymxiDkO5lcb9QRBtwfH0iaeem9sHyMcmh0IsMBW7r5ey9rbcXy70GSGYRhKgTRmwTzi.arVVPFz774bThDss0leNXKOVuobn7g.novi20ezQbA.qEexKivfz8AF9mx8VmKteV5ux0xv_jmhacThxbx.V5WvoeOvhMzuEvmsp.YFF3X5_yUWz9od6h8PQ13ym6hoKa9CnKDceuPkHXbxoCFiK11WeMrfZC6BwbkCQh1AVTsD21NkTGzxYxjrpKSe6IAFG5xXIqNurLFF0P3jDrf3yp_yCDiY1a2E2ym4x1FVCitWu_1iozE3dYLNer4Vg6Ubx4Dbg6nm3zrwCZY6c78Kec_Lpy0q_G12D0OPyzd4vDObrcexZugCF3N9C22R.hdYklsb1ubOhAu7IwDE_0ArMFdZKQFIWnlKPfBbFffAPiqN1ZxaRHnQ59wRiKVSX3ErC6pOHFc1Z3j8qfNcne2a8NpLyFgRm.r.bL1ltGJ_sqY8I6y_ZXobfv6TeiPZna.by0EQmTjbuIh_k8aWTTXzdukDuHAPFVvnZwYDgclRWXVxHUFMpsp_NsJwlnFaijVDbpxWYmtGdtFnkcqa2c91VEvvMQ_ihgW0uQFTiYdDRfTHPsDQs6tH6ySEsm80X3UgFPVatYlwipfkYfMRpu.7MBMyfzF3ajKdkTIy1kBGWuh1we3h4jF89LsLqtSbozZ2EgkHZJB47F6fEq_sCI9EtX6xEH1AB2CfCkhEsL.ngO7aXAQou5MeDFPIQeqIaih8y3Ah1iAmSHNyq61tmCzklApb4M5MOdDw9D3Escz_UjgxpK79eb1pf5ClWJlmkQod4Fd5apK_ecxXhuAJEDzKO7Hpk0f3sexB5cHy0hVrU8dKC1HBl1zFnfJpX2oceKu.9Xinl_GroHIvwpUW.j5kM1jhWc4yg5qfA7n8uoMPgllFWQb5oWi2BkHeqkNYyoOAL43rItHQEKEkCt106Ee8Pb7X.osltkKh_kmxFzEeRtvml5JzBjdOhaNqp9IYuCBR8DG1Lvd.4ls4WMe84WeRPBQYSfcKg_0NOYVuPQctB3CeiirZQp7fRxNtJxtoQWY5va3axp8AhLwUDHSl8nkP5VmS4GfGEPYZLKjvQZ0hhgtKa013mjJMuQDqq5L03sg721SLfx8PjAyVJQ8YpQtZo6JJzvwd_HQXRtPI_IUtmLfmE_gUJMthtcO3iL1df1lA2FtnSxlz_HKPrzU9XVyFwqvQK_NA6voda6z5kSentfGSET2uzRe1ICJojbX0HDVfYRCP5AFQP5nAqPMHjhU3BQriEcB_pbSMucTMOJnZD_PAOxlAvOCg2LD7mwtZGmJgTAsvlw.qvL_mp_Tc3fVYWqC4qbiOtdDaYBzCGuRS4pK6ElShmc4Q0aGSM8xng24GOcPxfQzjefRjlQdctZSgrT2r0N328pcsBuwhfrxvoV1VQEtA2L8efyVY_wPRiTZENikyfakW9e3q8wO',};var a = document.createElement('script');a.src = '/cdn-cgi/challenge-platform/h/b/orchestrate/chl_page/v1?ray=9cc036a3bbb63cb5';window._cf_chl_opt.cOgUHash = location.hash === '' &amp;&amp; location.href.indexOf('#') !== -1 ? '#' : location.hash;window._cf_chl_opt.cOgUQuery = location.search === '' &amp;&amp; location.href.slice(0, location.href.length - window._cf_chl_opt.cOgUHash.length).indexOf('?') !== -1 ? '?' : location.search;if (window.history &amp;&amp; window.history.replaceState) {var ogU = location.pathname + window._cf_chl_opt.cOgUQuery + window._cf_chl_opt.cOgUHash;history.replaceState(null, null,&quot;\/api\/users?page=2&amp;__cf_chl_rt_tk=slFszLzGt92JVxXEnpoRyT7fRBK7zvHCuOe.u0Q.xoY-1770774815-1.0.1.1-.ktT7MMY8rv5X_cGjtpdToJhyUvMZVldrdxOBSLQODs&quot;+ window._cf_chl_opt.cOgUHash);a.onload = function() {history.replaceState(null, null, ogU);}}document.getElementsByTagName('head')[0].appendChild(a);}());&lt;/script&gt;&lt;/body&gt;&lt;/html&gt;">* url 'https://reqres.in/api' ............................................. passed
* header Accept = 'application/json' ...................................... passed
Given path '/users' ....................................................... passed
And param page = 2 ........................................................ passed
When method GET ........................................................... passed
Then status 200 ........................................................... failed

Stack Trace:
com.intuit.karate.exception.KarateException: Get.feature:26 - status code was: 403, expected: 200, response time: 469, url: https://reqres.in/api/users?page=2, response: &lt;!DOCTYPE html&gt;&lt;html lang="en-US"&gt;&lt;head&gt;&lt;title&gt;Just a moment...&lt;/title&gt;&lt;meta http-equiv="Content-Type" content="text/html; charset=UTF-8"&gt;&lt;meta http-equiv="X-UA-Compatible" content="IE=Edge"&gt;&lt;meta name="robots" content="noindex,nofollow"&gt;&lt;meta name="viewport" content="width=device-width,initial-scale=1"&gt;&lt;style&gt;*{box-sizing:border-box;margin:0;padding:0}html{line-height:1.15;-webkit-text-size-adjust:100%;color:#313131;font-family:system-ui,-apple-system,BlinkMacSystemFont,"Segoe UI",Roboto,"Helvetica Neue",Arial,"Noto Sans",sans-serif,"Apple Color Emoji","Segoe UI Emoji","Segoe UI Symbol","Noto Color Emoji"}body{display:flex;flex-direction:column;height:100vh;min-height:100vh}.main-content{margin:8rem auto;padding-left:1.5rem;max-width:60rem}@media (width &lt;= 720px){.main-content{margin-top:4rem}}.h2{line-height:2.25rem;font-size:1.5rem;font-weight:500}@media (width &lt;= 720px){.h2{line-height:1.5rem;font-size:1.25rem}}#challenge-error-text{background-image:url("data:image/svg+xml;base64,PHN2ZyB4bWxucz0iaHR0cDovL3d3dy53My5vcmcvMjAwMC9zdmciIHdpZHRoPSIzMiIgaGVpZ2h0PSIzMiIgZmlsbD0ibm9uZSI+PHBhdGggZmlsbD0iI0IyMEYwMyIgZD0iTTE2IDNhMTMgMTMgMCAxIDAgMTMgMTNBMTMuMDE1IDEzLjAxNSAwIDAgMCAxNiAzbTAgMjRhMTEgMTEgMCAxIDEgMTEtMTEgMTEuMDEgMTEuMDEgMCAwIDEtMTEgMTEiLz48cGF0aCBmaWxsPSIjQjIwRjAzIiBkPSJNMTcuMDM4IDE4LjYxNUgxNC44N0wxNC41NjMgOS41aDIuNzgzem0tMS4wODQgMS40MjdxLjY2IDAgMS4wNTcuMzg4LjQwNy4zODkuNDA3Ljk5NCAwIC41OTYtLjQwNy45ODQtLjM5Ny4zOS0xLjA1Ny4zODktLjY1IDAtMS4wNTYtLjM4OS0uMzk4LS4zODktLjM5OC0uOTg0IDAtLjU5Ny4zOTgtLjk4NS40MDYtLjM5NyAxLjA1Ni0uMzk3Ii8+PC9zdmc+");background-repeat:no-repeat;background-size:contain;padding-left:34px}@media (prefers-color-scheme: dark){body{background-color:#222;color:#d9d9d9}}&lt;/style&gt;&lt;meta http-equiv="refresh" content="360"&gt;&lt;/head&gt;&lt;body&gt;&lt;div class="main-wrapper" role="main"&gt;&lt;div class="main-content"&gt;&lt;noscript&gt;&lt;div class="h2"&gt;&lt;span id="challenge-error-text"&gt;Enable JavaScript and cookies to continue&lt;/span&gt;&lt;/div&gt;&lt;/noscript&gt;&lt;/div&gt;&lt;/div&gt;&lt;script&gt;(function(){window._cf_chl_opt = {cvId: '3',cZone: 'reqres.in',cType: 'managed',cRay: '9cc036a3bbb63cb5',cH: '9_NRFea4Du6ZFLSDO2K651C9n4PDGeiy.Lo2eZaULqE-1770774815-1.2.1.1-Rcwi6gEUMyDaZGJ3K2wXn.Pywk0a_XFenRMMVumAko5FH2WXRZHtLLWsaGwLqUnY',cUPMDTk:"\/api\/users?page=2&amp;__cf_chl_tk=slFszLzGt92JVxXEnpoRyT7fRBK7zvHCuOe.u0Q.xoY-1770774815-1.0.1.1-.ktT7MMY8rv5X_cGjtpdToJhyUvMZVldrdxOBSLQODs",cFPWv: 'b',cITimeS: '1770774815',cTplC:0,cTplV:5,cTplB: '0',fa:"\/api\/users?page=2&amp;__cf_chl_f_tk=slFszLzGt92JVxXEnpoRyT7fRBK7zvHCuOe.u0Q.xoY-1770774815-1.0.1.1-.ktT7MMY8rv5X_cGjtpdToJhyUvMZVldrdxOBSLQODs",md: 'eA808oUh4zKDgWfXht_HdlrmLCIWetY2CuaTR6ljdNw-1770774815-1.2.1.1-_dXVMsYsAjx5Uc6MQEF6YWvHOKVZO0OGdesGKBz8TuAoDY1cpU8EeoSJiA7ZWq2_U2uig4LrvPW8sxToX1Zc4XPgIs5BNp5m_tv6.u6KGiCF3oH7kCxBG6X3FDvpXAyR9OX0Kr.lnfdEKs2dQRBH1PRSL2VBGAoaE6Cv8Zombx9LqyTRubdFhxySDiVC2EJuFgnj_vG_7MqZiKFz.oMdT00znx5mmO3GffhFl51_75_ehyNOpbNjEEzy7f0AiF.VSYjg3UDIJoZefcnA0G47HVV4VysMP6FOohJnuw_8SCvJ8cWlPoT3ubURMz5YgiRoFrf1DXGSLEEKmRecwLI9IiiMPb2bfO0msSdbckx5PZL5g0s.2mrUzHhevWHPvrTS6sZpH0MgWeOBzY1QhxGawKvxqDx2LIC8ix91K45TGSY8Db6gpRrPSSlnCo_Q.v9jDTWsUtEDjjrbHB77SwHwM79crL9abyuBq9K_W9j2bHmswRcUJDjqmd1H9eiFI99WyykABfbc0nFnHUfNQTQW24pmWAXJd4b1AvjPRY4S08LdLKVSPD9KDg2lWOH2SoUeYkauRF.ix1v4Kxytvnjt2_Ufox.hcH8k6G1OsdcJGPR25kwM2_dOrKLXuknDt8hPg8E5C15SKedsbUibF9TpQzAGdAxqkdzdd.Qx5eofum9jR42qLXxfc44AIXTBdNDqtRsiffRBKYm8bPhmQsNZRwIrVj_6j1XyNdV0FG3wZ.SW.SPh95OtDLPViGycsPH5dMgHndFm5eYssxIP7hdLmSe9OfKe6yevUl2ZsRsDSt3MsyvMHB4yRjGR_SR4.GDd9zqf_l5S0jU1TLt1xCxenFLDMI4av4aUibcw2xQ.NHSg.5SMdGnKEVpIskFwSqannE94mC1GJ8SP1vxyf209qkEzGjC1d2ADTDmP4gN7tO8dfnCXj1fdSkWysX9Ml7L0',mdrd: 'oC_g1Rs0juT_1yQMyEKtum3yLzWk.Exn4IpRTk21X6k-1770774815-1.2.1.1-8gIIQwzMgR.1dYFQec3575sfhVga6p60Gxw9y0ib6NxSTE_czgpOThTYyXwYo52U7ku6MBOuoB4Ea29xy9W4tgJaVwywvreatJrOpNxa4F8sYrI6S8AQAo7AGxzTq_Gro_hpRSSRwphKxr03NPLHt7OJUdVQMcD4twAMUudNq3dFRdBVSuNh2pM3TkfuLtDkHdEeJa.FWoLOfm_Ssl5.GkOAQIO1.zR_Jz7s2x6hyQH98hq.f3rufVnfuV47ibxI6VDyufOJyIyRNL.W_HtSJXajhBYrrIf8QpgN9gkIgeW7bkWi7XVbqOd5.pGoFhh8ybMpQmH.jFHMyeZH2sTxl_WKDSQQ9SJ1IT5DM.lZ_NMq9AdjosO2N0rZsn5petvy2USbRMOhnPhTqd9TgKFb1KMhFw1PER_9vPRwYERIF3G.jf_5HU2dsX0ogh92uAqHyqJ.mYivsh61mq.5hPjXceqCa074HZdCBXaNPgavoCU3D9YSOX4in5wNF9M_4PfmqSXgKgqF07WMbglmsdnoBLaAOZhvGjejiCGhl_sCEoYj1hhOIWGP41FVkL_T2Yf2d.u0XOKdd1BqHex1OyQ2X.6lLOXSlCDl1C5JAtbqhtcA7UymxiDkO5lcb9QRBtwfH0iaeem9sHyMcmh0IsMBW7r5ey9rbcXy70GSGYRhKgTRmwTzi.arVVPFz774bThDss0leNXKOVuobn7g.novi20ezQbA.qEexKivfz8AF9mx8VmKteV5ux0xv_jmhacThxbx.V5WvoeOvhMzuEvmsp.YFF3X5_yUWz9od6h8PQ13ym6hoKa9CnKDceuPkHXbxoCFiK11WeMrfZC6BwbkCQh1AVTsD21NkTGzxYxjrpKSe6IAFG5xXIqNurLFF0P3jDrf3yp_yCDiY1a2E2ym4x1FVCitWu_1iozE3dYLNer4Vg6Ubx4Dbg6nm3zrwCZY6c78Kec_Lpy0q_G12D0OPyzd4vDObrcexZugCF3N9C22R.hdYklsb1ubOhAu7IwDE_0ArMFdZKQFIWnlKPfBbFffAPiqN1ZxaRHnQ59wRiKVSX3ErC6pOHFc1Z3j8qfNcne2a8NpLyFgRm.r.bL1ltGJ_sqY8I6y_ZXobfv6TeiPZna.by0EQmTjbuIh_k8aWTTXzdukDuHAPFVvnZwYDgclRWXVxHUFMpsp_NsJwlnFaijVDbpxWYmtGdtFnkcqa2c91VEvvMQ_ihgW0uQFTiYdDRfTHPsDQs6tH6ySEsm80X3UgFPVatYlwipfkYfMRpu.7MBMyfzF3ajKdkTIy1kBGWuh1we3h4jF89LsLqtSbozZ2EgkHZJB47F6fEq_sCI9EtX6xEH1AB2CfCkhEsL.ngO7aXAQou5MeDFPIQeqIaih8y3Ah1iAmSHNyq61tmCzklApb4M5MOdDw9D3Escz_UjgxpK79eb1pf5ClWJlmkQod4Fd5apK_ecxXhuAJEDzKO7Hpk0f3sexB5cHy0hVrU8dKC1HBl1zFnfJpX2oceKu.9Xinl_GroHIvwpUW.j5kM1jhWc4yg5qfA7n8uoMPgllFWQb5oWi2BkHeqkNYyoOAL43rItHQEKEkCt106Ee8Pb7X.osltkKh_kmxFzEeRtvml5JzBjdOhaNqp9IYuCBR8DG1Lvd.4ls4WMe84WeRPBQYSfcKg_0NOYVuPQctB3CeiirZQp7fRxNtJxtoQWY5va3axp8AhLwUDHSl8nkP5VmS4GfGEPYZLKjvQZ0hhgtKa013mjJMuQDqq5L03sg721SLfx8PjAyVJQ8YpQtZo6JJzvwd_HQXRtPI_IUtmLfmE_gUJMthtcO3iL1df1lA2FtnSxlz_HKPrzU9XVyFwqvQK_NA6voda6z5kSentfGSET2uzRe1ICJojbX0HDVfYRCP5AFQP5nAqPMHjhU3BQriEcB_pbSMucTMOJnZD_PAOxlAvOCg2LD7mwtZGmJgTAsvlw.qvL_mp_Tc3fVYWqC4qbiOtdDaYBzCGuRS4pK6ElShmc4Q0aGSM8xng24GOcPxfQzjefRjlQdctZSgrT2r0N328pcsBuwhfrxvoV1VQEtA2L8efyVY_wPRiTZENikyfakW9e3q8wO',};var a = document.createElement('script');a.src = '/cdn-cgi/challenge-platform/h/b/orchestrate/chl_page/v1?ray=9cc036a3bbb63cb5';window._cf_chl_opt.cOgUHash = location.hash === '' &amp;&amp; location.href.indexOf('#') !== -1 ? '#' : location.hash;window._cf_chl_opt.cOgUQuery = location.search === '' &amp;&amp; location.href.slice(0, location.href.length - window._cf_chl_opt.cOgUHash.length).indexOf('?') !== -1 ? '?' : location.search;if (window.history &amp;&amp; window.history.replaceState) {var ogU = location.pathname + window._cf_chl_opt.cOgUQuery + window._cf_chl_opt.cOgUHash;history.replaceState(null, null,"\/api\/users?page=2&amp;__cf_chl_rt_tk=slFszLzGt92JVxXEnpoRyT7fRBK7zvHCuOe.u0Q.xoY-1770774815-1.0.1.1-.ktT7MMY8rv5X_cGjtpdToJhyUvMZVldrdxOBSLQODs"+ window._cf_chl_opt.cOgUHash);a.onload = function() {history.replaceState(null, null, ogU);}}document.getElementsByTagName('head')[0].appendChild(a);}());&lt;/script&gt;&lt;/body&gt;&lt;/html&gt;&#13;
	at ✽.Then status 200 (Get.feature:26)&#13;

And print response ........................................................ skipped</failure>
  </testcase>
</testsuite>
